1030
1032
1033
1034
1035
1036
1358
1359
1441
1443
1445
1446
1450
1528
1531
1532
1559
1560
1561
1564
1584
1739
1740
1744
1791
1793
1794
1988
1991
1993
2018
2020
2107
2116
2213
2214
2215
2216
2217
2218
2226
2227
2314
2317
2318
2320
2337
2338
2340
2341
2342
2344
2353
2354
2355
2359
2360
2361
2363
2365
2366
2369
2394
2396
2398
2399
2461
2466
2561
2563
2568
2569
2572
2573
2577
2582
2583
2587
2589
2591
2594
2595
2596
2599
2600
2601
2602
2605
2607
2610
2611
2612
2614
2616
2617
2618
2620
2622
2634
2637
2638
2639
2640
2643
2644
2647
2652
2655
2657
2672
2673
2674
2675
2676
2705
2710
2714
2717
2720
2804
2808
2809
2810
2820
2821
2822
2824
2825
2881
2884
2896
2897
2899
2901
2902
2903
2904
2905
2907
2910
2911
2916
2917
2919
2920
2923
2928
2931
2937
2940
2942
2945
2946
